============================Sun Dec 01 22:44:40 2013============================
STATUS: INFO	DATE: 12/01/2013 22:44:40	Client controller listening for internal requests over tcp port 3246...
STATUS: INFO	DATE: 12/01/2013 22:44:40	Client controller connected to server at localhost:3240...
STATUS: INFO	DATE: 12/01/2013 22:44:45	Successfully authenticated user test1. Going online
STATUS: INFO	DATE: 12/01/2013 22:44:45	Client responder going online
STATUS: INFO	DATE: 12/01/2013 22:44:45	Awaiting full directory sync from server
STATUS: INFO	DATE: 12/01/2013 22:44:45	Internal request received: [u'10', u'3624']
STATUS: INFO	DATE: 12/01/2013 22:44:45	Server has successfully synced entire directory
STATUS: INFO	DATE: 12/01/2013 22:44:45	Internal request received: [u'10', u'3192']
STATUS: INFO	DATE: 12/01/2013 22:44:45	Client daemon going online
STATUS: INFO	DATE: 12/01/2013 22:44:45	Client executing full directory sync in server direction
STATUS: INFO	DATE: 12/01/2013 22:44:46	Internal request received: [u'9', u'3624']
STATUS: INFO	DATE: 12/01/2013 22:44:46	Internal request received: [u'9', u'3192']
============================Sun Dec 01 22:51:46 2013============================
STATUS: INFO	DATE: 12/01/2013 22:51:46	Client controller listening for internal requests over tcp port 3246...
STATUS: INFO	DATE: 12/01/2013 22:51:46	Client controller connected to server at localhost:3240...
STATUS: INFO	DATE: 12/01/2013 22:51:51	Successfully authenticated user test1. Going online
STATUS: INFO	DATE: 12/01/2013 22:51:51	Client responder going online
STATUS: INFO	DATE: 12/01/2013 22:51:51	Awaiting full directory sync from server
STATUS: INFO	DATE: 12/01/2013 22:51:51	Internal request received: [u'10', u'5580']
STATUS: INFO	DATE: 12/01/2013 22:51:51	Server has successfully synced entire directory
STATUS: INFO	DATE: 12/01/2013 22:51:51	Internal request received: [u'10', u'5720']
STATUS: INFO	DATE: 12/01/2013 22:51:51	Client daemon going online
STATUS: INFO	DATE: 12/01/2013 22:51:51	Client executing full directory sync in server direction
STATUS: INFO	DATE: 12/01/2013 22:51:52	Internal request received: [u'9', u'5580']
STATUS: INFO	DATE: 12/01/2013 22:51:52	Internal request received: [u'9', u'5720']
============================Sun Dec 01 23:02:17 2013============================
STATUS: INFO	DATE: 12/01/2013 23:02:17	Client controller listening for internal requests over tcp port 3246...
STATUS: INFO	DATE: 12/01/2013 23:02:17	Client controller connected to server at localhost:3240...
STATUS: INFO	DATE: 12/01/2013 23:02:23	Successfully authenticated user test1. Going online
STATUS: INFO	DATE: 12/01/2013 23:02:23	Client responder going online
STATUS: INFO	DATE: 12/01/2013 23:02:23	Awaiting full directory sync from server
STATUS: INFO	DATE: 12/01/2013 23:02:23	Internal request received: [u'10', u'5156']
STATUS: INFO	DATE: 12/01/2013 23:02:23	Server has successfully synced entire directory
STATUS: INFO	DATE: 12/01/2013 23:02:23	Internal request received: [u'10', u'3668']
STATUS: INFO	DATE: 12/01/2013 23:02:23	Client daemon going online
STATUS: INFO	DATE: 12/01/2013 23:02:23	Client executing full directory sync in server direction
STATUS: INFO	DATE: 12/01/2013 23:02:24	Internal request received: [u'9', u'5156']
STATUS: INFO	DATE: 12/01/2013 23:02:24	Internal request received: [u'9', u'3668']
============================Sun Dec 01 23:02:29 2013============================
============================Sun Dec 01 23:03:41 2013============================
STATUS: INFO	DATE: 12/01/2013 23:03:41	Client controller listening for internal requests over tcp port 3246...
STATUS: INFO	DATE: 12/01/2013 23:03:41	Client controller connected to server at localhost:3240...
STATUS: INFO	DATE: 12/01/2013 23:03:46	Successfully authenticated user test1. Going online
STATUS: INFO	DATE: 12/01/2013 23:03:46	Client responder going online
STATUS: INFO	DATE: 12/01/2013 23:03:46	Awaiting full directory sync from server
STATUS: INFO	DATE: 12/01/2013 23:03:46	Internal request received: [u'10', u'1116']
STATUS: INFO	DATE: 12/01/2013 23:03:46	Server has successfully synced entire directory
STATUS: INFO	DATE: 12/01/2013 23:03:46	Internal request received: [u'10', u'4132']
STATUS: INFO	DATE: 12/01/2013 23:03:46	Client daemon going online
STATUS: INFO	DATE: 12/01/2013 23:03:46	Client executing full directory sync in server direction
STATUS: INFO	DATE: 12/01/2013 23:03:47	Internal request received: [u'9', u'1116']
STATUS: INFO	DATE: 12/01/2013 23:03:47	Internal request received: [u'9', u'4132']
============================Sun Dec 01 23:05:24 2013============================
STATUS: INFO	DATE: 12/01/2013 23:05:24	Client controller listening for internal requests over tcp port 3246...
STATUS: INFO	DATE: 12/01/2013 23:05:24	Client controller connected to server at localhost:3240...
STATUS: INFO	DATE: 12/01/2013 23:05:29	Successfully authenticated user test1. Going online
STATUS: INFO	DATE: 12/01/2013 23:05:29	Client responder going online
STATUS: INFO	DATE: 12/01/2013 23:05:29	Awaiting full directory sync from server
STATUS: INFO	DATE: 12/01/2013 23:05:29	Internal request received: [u'10', u'4440']
STATUS: INFO	DATE: 12/01/2013 23:05:29	Server has successfully synced entire directory
STATUS: INFO	DATE: 12/01/2013 23:05:29	Internal request received: [u'10', u'1564']
STATUS: INFO	DATE: 12/01/2013 23:05:29	Client daemon going online
STATUS: INFO	DATE: 12/01/2013 23:05:29	Client executing full directory sync in server direction
STATUS: INFO	DATE: 12/01/2013 23:05:30	Internal request received: [u'9', u'4440']
STATUS: INFO	DATE: 12/01/2013 23:05:30	Internal request received: [u'9', u'1564']
============================Sun Dec 01 23:20:16 2013============================
STATUS: INFO	DATE: 12/01/2013 23:20:16	Client controller listening for internal requests over tcp port 3246...
STATUS: INFO	DATE: 12/01/2013 23:20:16	Client controller connected to server at localhost:3240...
STATUS: INFO	DATE: 12/01/2013 23:20:20	Successfully authenticated user test1. Going online
STATUS: INFO	DATE: 12/01/2013 23:20:20	Client responder going online
STATUS: INFO	DATE: 12/01/2013 23:20:20	Awaiting full directory sync from server
============================Sun Dec 01 23:21:23 2013============================
STATUS: INFO	DATE: 12/01/2013 23:21:23	Client controller listening for internal requests over tcp port 3246...
STATUS: INFO	DATE: 12/01/2013 23:21:23	Client controller connected to server at localhost:3240...
STATUS: INFO	DATE: 12/01/2013 23:21:29	Successfully authenticated user test1. Going online
STATUS: INFO	DATE: 12/01/2013 23:21:29	Client responder going online
STATUS: INFO	DATE: 12/01/2013 23:21:29	Awaiting full directory sync from server
STATUS: INFO	DATE: 12/01/2013 23:21:29	Internal request received: [u'10', u'6228']
STATUS: INFO	DATE: 12/01/2013 23:21:29	Internal request received: [u'10', u'928']
STATUS: INFO	DATE: 12/01/2013 23:21:30	Internal request received: [u'9', u'6228']
STATUS: INFO	DATE: 12/01/2013 23:21:30	Internal request received: [u'9', u'928']
============================Sun Dec 01 23:22:24 2013============================
STATUS: INFO	DATE: 12/01/2013 23:22:24	Client controller listening for internal requests over tcp port 3246...
STATUS: INFO	DATE: 12/01/2013 23:22:24	Client controller connected to server at localhost:3240...
STATUS: INFO	DATE: 12/01/2013 23:22:29	Successfully authenticated user test1. Going online
STATUS: INFO	DATE: 12/01/2013 23:22:29	Client responder going online
STATUS: INFO	DATE: 12/01/2013 23:22:29	Awaiting full directory sync from server
STATUS: INFO	DATE: 12/01/2013 23:22:29	Internal request received: [u'10', u'3196']
STATUS: INFO	DATE: 12/01/2013 23:22:29	Server has successfully synced entire directory
STATUS: INFO	DATE: 12/01/2013 23:22:29	Internal request received: [u'10', u'6608']
STATUS: INFO	DATE: 12/01/2013 23:22:29	Client daemon going online
STATUS: INFO	DATE: 12/01/2013 23:22:29	Client executing full directory sync in server direction
STATUS: INFO	DATE: 12/01/2013 23:22:30	Internal request received: [u'9', u'3196']
STATUS: INFO	DATE: 12/01/2013 23:22:30	Internal request received: [u'9', u'6608']
STATUS: INFO	DATE: 12/01/2013 23:22:37	Disconnected from server, going down peacefully
============================Sun Dec 01 23:25:18 2013============================
STATUS: INFO	DATE: 12/01/2013 23:25:18	Client controller listening for internal requests over tcp port 3246...
STATUS: INFO	DATE: 12/01/2013 23:25:18	Client controller connected to server at localhost:3240...
STATUS: INFO	DATE: 12/01/2013 23:25:23	Successfully authenticated user test1. Going online
STATUS: INFO	DATE: 12/01/2013 23:25:23	Client responder going online
STATUS: INFO	DATE: 12/01/2013 23:25:23	Awaiting full directory sync from server
STATUS: INFO	DATE: 12/01/2013 23:25:23	Internal request received: [u'10', u'1860']
STATUS: INFO	DATE: 12/01/2013 23:25:23	Server has successfully synced entire directory
STATUS: INFO	DATE: 12/01/2013 23:25:23	Internal request received: [u'10', u'5380']
STATUS: INFO	DATE: 12/01/2013 23:25:23	Client daemon going online
STATUS: INFO	DATE: 12/01/2013 23:25:23	Client executing full directory sync in server direction
STATUS: INFO	DATE: 12/01/2013 23:25:24	Internal request received: [u'9', u'1860']
STATUS: INFO	DATE: 12/01/2013 23:25:24	Internal request received: [u'9', u'5380']
STATUS: INFO	DATE: 12/01/2013 23:25:24	Internal request received: [u'10', u'1732']
STATUS: INFO	DATE: 12/01/2013 23:25:25	Internal request received: [u'9', u'1732']
STATUS: INFO	DATE: 12/01/2013 23:25:25	Internal request received: [u'10', u'3116']
STATUS: INFO	DATE: 12/01/2013 23:25:26	Internal request received: [u'9', u'3116']
