============================Sun Dec 01 22:44:45 2013============================
STATUS: INFO	DATE: 12/01/2013 22:44:45	Daemon connected to server at localhost:3242...
STATUS: INFO	DATE: 12/01/2013 22:44:45	Scheduling observation of F:\Test1\OneDir\ tree...
STATUS: INFO	DATE: 12/01/2013 22:44:45	Sending filesync command to server for file at test.txt
STATUS: INFO	DATE: 12/01/2013 22:44:46	Sending filesync command to server for file at test.txt
============================Sun Dec 01 22:51:51 2013============================
STATUS: INFO	DATE: 12/01/2013 22:51:51	Daemon connected to server at localhost:3242...
STATUS: INFO	DATE: 12/01/2013 22:51:51	Scheduling observation of F:\Test1\OneDir\ tree...
STATUS: INFO	DATE: 12/01/2013 22:51:51	Sending filesync command to server for file at test.txt
STATUS: INFO	DATE: 12/01/2013 22:51:52	Sending filesync command to server for file at test.txt
STATUS: INFO	DATE: 12/01/2013 22:52:10	Sending filesync command to server for file at test.txt
STATUS: INFO	DATE: 12/01/2013 22:54:09	Sending filesync command to server for file at test.txt
============================Sun Dec 01 23:02:23 2013============================
STATUS: INFO	DATE: 12/01/2013 23:02:23	Daemon connected to server at localhost:3242...
STATUS: INFO	DATE: 12/01/2013 23:02:23	Scheduling observation of F:\Test1\OneDir\ tree...
STATUS: INFO	DATE: 12/01/2013 23:02:23	Sending filesync command to server for file at test.txt
STATUS: INFO	DATE: 12/01/2013 23:02:24	Sending filesync command to server for file at test.txt
============================Sun Dec 01 23:03:46 2013============================
STATUS: INFO	DATE: 12/01/2013 23:03:46	Daemon connected to server at localhost:3242...
STATUS: INFO	DATE: 12/01/2013 23:03:46	Scheduling observation of F:\Test1\OneDir\ tree...
STATUS: INFO	DATE: 12/01/2013 23:03:46	Sending filesync command to server for file at test.txt
STATUS: INFO	DATE: 12/01/2013 23:03:47	Sending filesync command to server for file at test.txt
============================Sun Dec 01 23:05:29 2013============================
STATUS: INFO	DATE: 12/01/2013 23:05:29	Daemon connected to server at localhost:3242...
STATUS: INFO	DATE: 12/01/2013 23:05:29	Scheduling observation of F:\Test1\OneDir\ tree...
STATUS: INFO	DATE: 12/01/2013 23:05:29	Sending filesync command to server for file at test.txt
STATUS: INFO	DATE: 12/01/2013 23:05:30	Sending filesync command to server for file at test.txt
============================Sun Dec 01 23:20:20 2013============================
STATUS: INFO	DATE: 12/01/2013 23:20:20	Daemon connected to server at localhost:3242...
============================Sun Dec 01 23:21:29 2013============================
STATUS: INFO	DATE: 12/01/2013 23:21:29	Daemon connected to server at localhost:3242...
STATUS: INFO	DATE: 12/01/2013 23:21:30	Scheduling observation of F:\Test1\OneDir\ tree...
============================Sun Dec 01 23:22:29 2013============================
STATUS: INFO	DATE: 12/01/2013 23:22:29	Daemon connected to server at localhost:3242...
STATUS: INFO	DATE: 12/01/2013 23:22:29	Scheduling observation of F:\Test1\OneDir\ tree...
STATUS: INFO	DATE: 12/01/2013 23:22:29	Sending filesync command to server for file at test.txt
STATUS: INFO	DATE: 12/01/2013 23:22:30	Sending filesync command to server for file at test.txt
============================Sun Dec 01 23:25:23 2013============================
STATUS: INFO	DATE: 12/01/2013 23:25:23	Daemon connected to server at localhost:3242...
STATUS: INFO	DATE: 12/01/2013 23:25:23	Scheduling observation of F:\Test1\OneDir\ tree...
STATUS: INFO	DATE: 12/01/2013 23:25:23	Sending filesync command to server for file at test.txt
STATUS: INFO	DATE: 12/01/2013 23:25:24	Sending filesync command to server for file at test.txt
STATUS: INFO	DATE: 12/01/2013 23:25:25	Scheduling observation of F:\Test1\OneDir\ tree...
STATUS: INFO	DATE: 12/01/2013 23:25:26	Scheduling observation of F:\Test1\OneDir\ tree...
============================Mon Dec 02 16:28:54 2013============================
STATUS: INFO	DATE: 12/02/2013 16:28:54	Daemon connected to server at localhost:3242...
STATUS: INFO	DATE: 12/02/2013 16:28:54	Scheduling observation of C:\Test1\OneDir\ tree...
STATUS: INFO	DATE: 12/02/2013 16:28:54	Sending filesync command to server for file at TEST.txt
STATUS: INFO	DATE: 12/02/2013 16:28:55	Scheduling observation of C:\Test1\OneDir\ tree...
STATUS: INFO	DATE: 12/02/2013 16:28:55	Sending filesync command to server for file at TEST.txt
STATUS: INFO	DATE: 12/02/2013 16:28:56	Scheduling observation of C:\Test1\OneDir\ tree...
STATUS: INFO	DATE: 12/02/2013 16:28:57	Scheduling observation of C:\Test1\OneDir\ tree...
============================Mon Dec 02 16:31:18 2013============================
STATUS: INFO	DATE: 12/02/2013 16:31:18	Daemon connected to server at localhost:3242...
STATUS: INFO	DATE: 12/02/2013 16:31:18	Scheduling observation of C:\Test1\OneDir\ tree...
STATUS: INFO	DATE: 12/02/2013 16:31:19	Scheduling observation of C:\Test1\OneDir\ tree...
STATUS: INFO	DATE: 12/02/2013 16:31:19	Sending filesync command to server for file at TEST.txt
STATUS: INFO	DATE: 12/02/2013 16:31:21	Scheduling observation of C:\Test1\OneDir\ tree...
STATUS: INFO	DATE: 12/02/2013 16:31:21	Sending filesync command to server for file at TEST.txt
STATUS: INFO	DATE: 12/02/2013 16:31:23	Scheduling observation of C:\Test1\OneDir\ tree...
STATUS: INFO	DATE: 12/02/2013 16:31:23	Sending filesync command to server for file at TEST.txt
STATUS: INFO	DATE: 12/02/2013 16:31:25	Scheduling observation of C:\Test1\OneDir\ tree...
STATUS: INFO	DATE: 12/02/2013 16:31:25	Sending filesync command to server for file at TEST.txt
STATUS: INFO	DATE: 12/02/2013 16:31:27	Scheduling observation of C:\Test1\OneDir\ tree...
STATUS: INFO	DATE: 12/02/2013 16:31:27	Sending filesync command to server for file at TEST.txt
STATUS: INFO	DATE: 12/02/2013 16:31:29	Scheduling observation of C:\Test1\OneDir\ tree...
STATUS: INFO	DATE: 12/02/2013 16:31:29	Sending filesync command to server for file at TEST.txt
STATUS: INFO	DATE: 12/02/2013 16:31:31	Scheduling observation of C:\Test1\OneDir\ tree...
STATUS: INFO	DATE: 12/02/2013 16:31:31	Sending filesync command to server for file at TEST.txt
STATUS: INFO	DATE: 12/02/2013 16:31:33	Scheduling observation of C:\Test1\OneDir\ tree...
STATUS: INFO	DATE: 12/02/2013 16:31:33	Sending filesync command to server for file at TEST.txt
STATUS: INFO	DATE: 12/02/2013 16:31:36	Scheduling observation of C:\Test1\OneDir\ tree...
STATUS: INFO	DATE: 12/02/2013 16:31:36	Sending filesync command to server for file at TEST.txt
STATUS: INFO	DATE: 12/02/2013 16:31:38	Scheduling observation of C:\Test1\OneDir\ tree...
STATUS: INFO	DATE: 12/02/2013 16:31:38	Sending filesync command to server for file at TEST.txt
STATUS: INFO	DATE: 12/02/2013 16:31:40	Scheduling observation of C:\Test1\OneDir\ tree...
STATUS: INFO	DATE: 12/02/2013 16:31:40	Sending filesync command to server for file at TEST.txt
STATUS: INFO	DATE: 12/02/2013 16:31:42	Scheduling observation of C:\Test1\OneDir\ tree...
STATUS: INFO	DATE: 12/02/2013 16:31:42	Sending filesync command to server for file at TEST.txt
STATUS: INFO	DATE: 12/02/2013 16:31:44	Scheduling observation of C:\Test1\OneDir\ tree...
STATUS: INFO	DATE: 12/02/2013 16:31:44	Sending filesync command to server for file at TEST.txt
STATUS: INFO	DATE: 12/02/2013 16:31:46	Scheduling observation of C:\Test1\OneDir\ tree...
STATUS: INFO	DATE: 12/02/2013 16:31:46	Sending filesync command to server for file at TEST.txt
STATUS: INFO	DATE: 12/02/2013 16:31:48	Scheduling observation of C:\Test1\OneDir\ tree...
STATUS: INFO	DATE: 12/02/2013 16:31:48	Sending filesync command to server for file at TEST.txt
STATUS: INFO	DATE: 12/02/2013 16:31:50	Scheduling observation of C:\Test1\OneDir\ tree...
