============================Sun Dec 01 22:44:30 2013============================
STATUS: INFO	DATE: 12/01/2013 22:44:30	Server controller listening for internal requests at tcp://localhost:3244...
STATUS: INFO	DATE: 12/01/2013 22:44:30	Server controller ready to pass client sync directives to responders at tcp://localhost:3243...
STATUS: INFO	DATE: 12/01/2013 22:44:30	Server controller listening for daemon component sync directives at tcp://localhost:3245...
STATUS: INFO	DATE: 12/01/2013 22:44:30	Server controller listening for client requests at tcp://localhost:3240...
STATUS: INFO	DATE: 12/01/2013 22:44:30	Server controller ready to publish sync directives at tcp://localhost:3241...
STATUS: INFO	DATE: 12/01/2013 22:44:30	Server controller listening for client sync directives at tcp://localhost:3242...
============================Sun Dec 01 22:51:43 2013============================
STATUS: INFO	DATE: 12/01/2013 22:51:43	Server controller listening for internal requests at tcp://localhost:3244...
STATUS: INFO	DATE: 12/01/2013 22:51:43	Server controller ready to pass client sync directives to responders at tcp://localhost:3243...
STATUS: INFO	DATE: 12/01/2013 22:51:43	Server controller listening for daemon component sync directives at tcp://localhost:3245...
STATUS: INFO	DATE: 12/01/2013 22:51:43	Server controller listening for client requests at tcp://localhost:3240...
STATUS: INFO	DATE: 12/01/2013 22:51:43	Server controller ready to publish sync directives at tcp://localhost:3241...
STATUS: INFO	DATE: 12/01/2013 22:51:43	Server controller listening for client sync directives at tcp://localhost:3242...
STATUS: INFO	DATE: 12/01/2013 22:51:51	Client request received: [u'12', u'test1', u'test1']
STATUS: INFO	DATE: 12/01/2013 22:51:51	Client request received: [u'7', u'test1']
STATUS: INFO	DATE: 12/01/2013 22:51:51	Internal request received: [u'10', u'test1', u'2544']
STATUS: INFO	DATE: 12/01/2013 22:51:52	Internal request received: [u'10', u'test1', u'6004']
STATUS: INFO	DATE: 12/01/2013 22:51:52	Internal request received: [u'9', u'test1', u'2544']
STATUS: INFO	DATE: 12/01/2013 22:51:52	Internal request received: [u'9', u'test1', u'6004']
STATUS: INFO	DATE: 12/01/2013 22:51:52	Internal request received: [u'10', u'test1', u'5592']
STATUS: INFO	DATE: 12/01/2013 22:51:53	Internal request received: [u'9', u'test1', u'5592']
STATUS: INFO	DATE: 12/01/2013 22:52:10	Internal request received: [u'10', u'test1', u'4260']
STATUS: INFO	DATE: 12/01/2013 22:52:11	Internal request received: [u'9', u'test1', u'4260']
STATUS: INFO	DATE: 12/01/2013 22:54:09	Internal request received: [u'10', u'test1', u'5720']
STATUS: INFO	DATE: 12/01/2013 22:54:10	Internal request received: [u'9', u'test1', u'5720']
============================Sun Dec 01 23:02:11 2013============================
STATUS: INFO	DATE: 12/01/2013 23:02:11	Server controller listening for internal requests at tcp://localhost:3244...
STATUS: INFO	DATE: 12/01/2013 23:02:11	Server controller ready to pass client sync directives to responders at tcp://localhost:3243...
STATUS: INFO	DATE: 12/01/2013 23:02:11	Server controller listening for daemon component sync directives at tcp://localhost:3245...
STATUS: INFO	DATE: 12/01/2013 23:02:11	Server controller listening for client requests at tcp://localhost:3240...
STATUS: INFO	DATE: 12/01/2013 23:02:11	Server controller ready to publish sync directives at tcp://localhost:3241...
STATUS: INFO	DATE: 12/01/2013 23:02:11	Server controller listening for client sync directives at tcp://localhost:3242...
STATUS: INFO	DATE: 12/01/2013 23:02:22	Client request received: [u'12', u'test1', u'test1']
STATUS: INFO	DATE: 12/01/2013 23:02:23	Client request received: [u'7', u'test1']
STATUS: INFO	DATE: 12/01/2013 23:02:23	Internal request received: [u'10', u'test1', u'5852']
STATUS: INFO	DATE: 12/01/2013 23:02:24	Internal request received: [u'10', u'test1', u'6324']
STATUS: INFO	DATE: 12/01/2013 23:02:24	Internal request received: [u'9', u'test1', u'5852']
STATUS: INFO	DATE: 12/01/2013 23:02:24	Internal request received: [u'9', u'test1', u'6324']
STATUS: INFO	DATE: 12/01/2013 23:02:24	Internal request received: [u'10', u'test1', u'2164']
STATUS: INFO	DATE: 12/01/2013 23:02:25	Internal request received: [u'9', u'test1', u'2164']
============================Sun Dec 01 23:03:32 2013============================
STATUS: INFO	DATE: 12/01/2013 23:03:32	Server controller listening for internal requests at tcp://localhost:3244...
STATUS: INFO	DATE: 12/01/2013 23:03:32	Server controller ready to pass client sync directives to responders at tcp://localhost:3243...
STATUS: INFO	DATE: 12/01/2013 23:03:32	Server controller listening for daemon component sync directives at tcp://localhost:3245...
STATUS: INFO	DATE: 12/01/2013 23:03:32	Server controller listening for client requests at tcp://localhost:3240...
STATUS: INFO	DATE: 12/01/2013 23:03:32	Server controller ready to publish sync directives at tcp://localhost:3241...
STATUS: INFO	DATE: 12/01/2013 23:03:32	Server controller listening for client sync directives at tcp://localhost:3242...
STATUS: INFO	DATE: 12/01/2013 23:03:46	Client request received: [u'12', u'test1', u'test1']
STATUS: INFO	DATE: 12/01/2013 23:03:46	Client request received: [u'7', u'test1']
STATUS: INFO	DATE: 12/01/2013 23:03:46	Internal request received: [u'10', u'test1', u'5528']
STATUS: INFO	DATE: 12/01/2013 23:03:47	Internal request received: [u'10', u'test1', u'7120']
STATUS: INFO	DATE: 12/01/2013 23:03:47	Internal request received: [u'9', u'test1', u'5528']
STATUS: INFO	DATE: 12/01/2013 23:03:47	Internal request received: [u'9', u'test1', u'7120']
STATUS: INFO	DATE: 12/01/2013 23:03:47	Internal request received: [u'10', u'test1', u'4992']
STATUS: INFO	DATE: 12/01/2013 23:03:48	Internal request received: [u'9', u'test1', u'4992']
STATUS: INFO	DATE: 12/01/2013 23:03:51	Client request received: [u'15', u'test1']
============================Sun Dec 01 23:05:20 2013============================
STATUS: INFO	DATE: 12/01/2013 23:05:20	Server controller listening for internal requests at tcp://localhost:3244...
STATUS: INFO	DATE: 12/01/2013 23:05:20	Server controller ready to pass client sync directives to responders at tcp://localhost:3243...
STATUS: INFO	DATE: 12/01/2013 23:05:20	Server controller listening for daemon component sync directives at tcp://localhost:3245...
STATUS: INFO	DATE: 12/01/2013 23:05:20	Server controller listening for client requests at tcp://localhost:3240...
STATUS: INFO	DATE: 12/01/2013 23:05:20	Server controller ready to publish sync directives at tcp://localhost:3241...
STATUS: INFO	DATE: 12/01/2013 23:05:20	Server controller listening for client sync directives at tcp://localhost:3242...
STATUS: INFO	DATE: 12/01/2013 23:05:28	Client request received: [u'12', u'test1', u'test1']
STATUS: INFO	DATE: 12/01/2013 23:05:29	Client request received: [u'7', u'test1']
STATUS: INFO	DATE: 12/01/2013 23:05:29	Internal request received: [u'10', u'test1', u'7064']
STATUS: INFO	DATE: 12/01/2013 23:05:30	Internal request received: [u'10', u'test1', u'5636']
STATUS: INFO	DATE: 12/01/2013 23:05:30	Internal request received: [u'9', u'test1', u'7064']
STATUS: INFO	DATE: 12/01/2013 23:05:30	Internal request received: [u'9', u'test1', u'5636']
STATUS: INFO	DATE: 12/01/2013 23:05:30	Internal request received: [u'10', u'test1', u'4532']
STATUS: INFO	DATE: 12/01/2013 23:05:31	Internal request received: [u'9', u'test1', u'4532']
STATUS: INFO	DATE: 12/01/2013 23:05:35	Client request received: [u'15', u'test1']
============================Sun Dec 01 23:20:10 2013============================
STATUS: INFO	DATE: 12/01/2013 23:20:10	Server controller listening for internal requests at tcp://localhost:3244...
STATUS: INFO	DATE: 12/01/2013 23:20:10	Server controller ready to pass client sync directives to responders at tcp://localhost:3243...
STATUS: INFO	DATE: 12/01/2013 23:20:10	Server controller listening for daemon component sync directives at tcp://localhost:3245...
STATUS: INFO	DATE: 12/01/2013 23:20:10	Server controller listening for client requests at tcp://localhost:3240...
STATUS: INFO	DATE: 12/01/2013 23:20:10	Server controller ready to publish sync directives at tcp://localhost:3241...
STATUS: INFO	DATE: 12/01/2013 23:20:10	Server controller listening for client sync directives at tcp://localhost:3242...
STATUS: INFO	DATE: 12/01/2013 23:20:20	Client request received: [u'12', u'test1', u'test1']
STATUS: INFO	DATE: 12/01/2013 23:20:20	Client request received: [u'7', u'test1']
============================Sun Dec 01 23:21:19 2013============================
STATUS: INFO	DATE: 12/01/2013 23:21:19	Server controller listening for internal requests at tcp://localhost:3244...
STATUS: INFO	DATE: 12/01/2013 23:21:19	Server controller ready to pass client sync directives to responders at tcp://localhost:3243...
STATUS: INFO	DATE: 12/01/2013 23:21:19	Server controller listening for daemon component sync directives at tcp://localhost:3245...
STATUS: INFO	DATE: 12/01/2013 23:21:19	Server controller listening for client requests at tcp://localhost:3240...
STATUS: INFO	DATE: 12/01/2013 23:21:19	Server controller ready to publish sync directives at tcp://localhost:3241...
STATUS: INFO	DATE: 12/01/2013 23:21:19	Server controller listening for client sync directives at tcp://localhost:3242...
STATUS: INFO	DATE: 12/01/2013 23:21:29	Client request received: [u'12', u'test1', u'test1']
STATUS: INFO	DATE: 12/01/2013 23:21:29	Client request received: [u'7', u'test1']
============================Sun Dec 01 23:22:19 2013============================
STATUS: INFO	DATE: 12/01/2013 23:22:19	Server controller listening for internal requests at tcp://localhost:3244...
STATUS: INFO	DATE: 12/01/2013 23:22:19	Server controller ready to pass client sync directives to responders at tcp://localhost:3243...
STATUS: INFO	DATE: 12/01/2013 23:22:19	Server controller listening for daemon component sync directives at tcp://localhost:3245...
STATUS: INFO	DATE: 12/01/2013 23:22:19	Server controller listening for client requests at tcp://localhost:3240...
STATUS: INFO	DATE: 12/01/2013 23:22:19	Server controller ready to publish sync directives at tcp://localhost:3241...
STATUS: INFO	DATE: 12/01/2013 23:22:19	Server controller listening for client sync directives at tcp://localhost:3242...
STATUS: INFO	DATE: 12/01/2013 23:22:29	Client request received: [u'12', u'test1', u'test1']
STATUS: INFO	DATE: 12/01/2013 23:22:29	Client request received: [u'7', u'test1']
STATUS: INFO	DATE: 12/01/2013 23:22:29	Internal request received: [u'10', u'test1', u'1440']
STATUS: INFO	DATE: 12/01/2013 23:22:29	Internal request received: [u'10', u'test1', u'7004']
STATUS: INFO	DATE: 12/01/2013 23:22:30	Internal request received: [u'10', u'test1', u'5884']
STATUS: INFO	DATE: 12/01/2013 23:22:30	Internal request received: [u'9', u'test1', u'1440']
STATUS: INFO	DATE: 12/01/2013 23:22:30	Internal request received: [u'9', u'test1', u'7004']
STATUS: INFO	DATE: 12/01/2013 23:22:31	Internal request received: [u'9', u'test1', u'5884']
STATUS: INFO	DATE: 12/01/2013 23:22:37	Client request received: [u'15', u'test1']
============================Sun Dec 01 23:25:13 2013============================
STATUS: INFO	DATE: 12/01/2013 23:25:13	Server controller listening for internal requests at tcp://localhost:3244...
STATUS: INFO	DATE: 12/01/2013 23:25:13	Server controller ready to pass client sync directives to responders at tcp://localhost:3243...
STATUS: INFO	DATE: 12/01/2013 23:25:13	Server controller listening for daemon component sync directives at tcp://localhost:3245...
STATUS: INFO	DATE: 12/01/2013 23:25:13	Server controller listening for client requests at tcp://localhost:3240...
STATUS: INFO	DATE: 12/01/2013 23:25:13	Server controller ready to publish sync directives at tcp://localhost:3241...
STATUS: INFO	DATE: 12/01/2013 23:25:13	Server controller listening for client sync directives at tcp://localhost:3242...
STATUS: INFO	DATE: 12/01/2013 23:25:23	Client request received: [u'12', u'test1', u'test1']
STATUS: INFO	DATE: 12/01/2013 23:25:23	Client request received: [u'7', u'test1']
STATUS: INFO	DATE: 12/01/2013 23:25:23	Internal request received: [u'10', u'test1', u'7056']
STATUS: INFO	DATE: 12/01/2013 23:25:23	Internal request received: [u'10', u'test1', u'4740']
STATUS: INFO	DATE: 12/01/2013 23:25:24	Internal request received: [u'9', u'test1', u'7056']
STATUS: INFO	DATE: 12/01/2013 23:25:24	Internal request received: [u'9', u'test1', u'4740']
STATUS: INFO	DATE: 12/01/2013 23:25:24	Internal request received: [u'10', u'test1', u'6216']
STATUS: INFO	DATE: 12/01/2013 23:25:25	Internal request received: [u'9', u'test1', u'6216']
STATUS: INFO	DATE: 12/01/2013 23:25:44	Client request received: [u'15', u'test1']
